2021-12-28 14:48:20.020  INFO 13152 --- [restartedMain] c.shopme.admin.ShopmeBackendApplication  : Starting ShopmeBackendApplication using Java 17.0.1 on DESKTOP-34M0QK7 with PID 13152 (E:\ShopmeEcommerce\ShopmeProject\ShopmeWebParent\ShopmeBackend\target\classes started by 19110 in E:\ShopmeEcommerce\ShopmeProject\ShopmeWebParent\ShopmeBackend)
2021-12-28 14:48:20.020  INFO 13152 --- [restartedMain] c.shopme.admin.ShopmeBackendApplication  : No active profile set, falling back to default profiles: default
2021-12-28 14:48:20.506  INFO 13152 --- [restartedMain] .s.d.r.c.RepositoryConfigurationDelegate : Bootstrapping Spring Data JPA repositories in DEFAULT mode.
2021-12-28 14:48:20.530  INFO 13152 --- [restartedMain] .s.d.r.c.RepositoryConfigurationDelegate : Finished Spring Data repository scanning in 21 ms. Found 2 JPA repository interfaces.
2021-12-28 14:48:20.749  INFO 13152 --- [restartedMain] o.s.b.w.embedded.tomcat.TomcatWebServer  : Tomcat initialized with port(s): 8080 (http)
2021-12-28 14:48:20.750  INFO 13152 --- [restartedMain] o.apache.catalina.core.StandardService   : Starting service [Tomcat]
2021-12-28 14:48:20.750  INFO 13152 --- [restartedMain] org.apache.catalina.core.StandardEngine  : Starting Servlet engine: [Apache Tomcat/9.0.56]
2021-12-28 14:48:20.778  INFO 13152 --- [restartedMain] o.a.c.c.C.[.[localhost].[/ShopmeAdmin]   : Initializing Spring embedded WebApplicationContext
2021-12-28 14:48:20.778  INFO 13152 --- [restartedMain] w.s.c.ServletWebServerApplicationContext : Root WebApplicationContext: initialization completed in 749 ms
2021-12-28 14:48:20.830  INFO 13152 --- [restartedMain] o.hibernate.jpa.internal.util.LogHelper  : HHH000204: Processing PersistenceUnitInfo [name: default]
2021-12-28 14:48:20.837  INFO 13152 --- [restartedMain] com.zaxxer.hikari.HikariDataSource       : HikariPool-4 - Starting...
2021-12-28 14:48:20.881  INFO 13152 --- [restartedMain] com.zaxxer.hikari.HikariDataSource       : HikariPool-4 - Start completed.
2021-12-28 14:48:20.881  INFO 13152 --- [restartedMain] org.hibernate.dialect.Dialect            : HHH000400: Using dialect: org.hibernate.dialect.MySQL8Dialect
2021-12-28 14:48:20.976  INFO 13152 --- [restartedMain] o.h.e.t.j.p.i.JtaPlatformInitiator       : HHH000490: Using JtaPlatform implementation: [org.hibernate.engine.transaction.jta.platform.internal.NoJtaPlatform]
2021-12-28 14:48:20.978  INFO 13152 --- [restartedMain] j.LocalContainerEntityManagerFactoryBean : Initialized JPA EntityManagerFactory for persistence unit 'default'
2021-12-28 14:48:21.013  WARN 13152 --- [restartedMain] JpaBaseConfiguration$JpaWebConfiguration : spring.jpa.open-in-view is enabled by default. Therefore, database queries may be performed during view rendering. Explicitly configure spring.jpa.open-in-view to disable this warning
2021-12-28 14:48:21.143  INFO 13152 --- [restartedMain] o.s.s.web.DefaultSecurityFilterChain     : Will secure Ant [pattern='/images/**'] with []
2021-12-28 14:48:21.144  INFO 13152 --- [restartedMain] o.s.s.web.DefaultSecurityFilterChain     : Will secure Ant [pattern='/js/**'] with []
2021-12-28 14:48:21.144  INFO 13152 --- [restartedMain] o.s.s.web.DefaultSecurityFilterChain     : Will secure Ant [pattern='/webjars/**'] with []
2021-12-28 14:48:21.155  INFO 13152 --- [restartedMain] o.s.s.web.DefaultSecurityFilterChain     : Will secure any request with [org.springframework.security.web.context.request.async.WebAsyncManagerIntegrationFilter@2af224ba, org.springframework.security.web.context.SecurityContextPersistenceFilter@5a1c53d6, org.springframework.security.web.header.HeaderWriterFilter@6d65f66b, org.springframework.security.web.csrf.CsrfFilter@2ec19a26, org.springframework.security.web.authentication.logout.LogoutFilter@274d0f8f, org.springframework.security.web.authentication.UsernamePasswordAuthenticationFilter@6339b6ad, org.springframework.security.web.savedrequest.RequestCacheAwareFilter@52700f92, org.springframework.security.web.servletapi.SecurityContextHolderAwareRequestFilter@10646d19, org.springframework.security.web.authentication.rememberme.RememberMeAuthenticationFilter@4ab2f013, org.springframework.security.web.authentication.AnonymousAuthenticationFilter@3c14feb8, org.springframework.security.web.session.SessionManagementFilter@782ee65f, org.springframework.security.web.access.ExceptionTranslationFilter@407913b4, org.springframework.security.web.access.intercept.FilterSecurityInterceptor@6b4fa7e3]
2021-12-28 14:48:21.236  INFO 13152 --- [restartedMain] o.s.b.a.w.s.WelcomePageHandlerMapping    : Adding welcome page template: index
2021-12-28 14:48:21.787  INFO 13152 --- [restartedMain] o.s.b.d.a.OptionalLiveReloadServer       : LiveReload server is running on port 35729
2021-12-28 14:48:21.800  INFO 13152 --- [restartedMain] o.s.b.w.embedded.tomcat.TomcatWebServer  : Tomcat started on port(s): 8080 (http) with context path '/ShopmeAdmin'
2021-12-28 14:48:21.807  INFO 13152 --- [restartedMain] c.shopme.admin.ShopmeBackendApplication  : Started ShopmeBackendApplication in 1.888 seconds (JVM running for 133.003)
2021-12-28 14:48:21.811  INFO 13152 --- [restartedMain] .ConditionEvaluationDeltaLoggingListener : Condition evaluation unchanged
2021-12-28 14:52:47.551  INFO 13152 --- [Thread-15] j.LocalContainerEntityManagerFactoryBean : Closing JPA EntityManagerFactory for persistence unit 'default'
2021-12-28 14:52:47.554  INFO 13152 --- [Thread-15] com.zaxxer.hikari.HikariDataSource       : HikariPool-4 - Shutdown initiated...
2021-12-28 14:52:47.571  INFO 13152 --- [Thread-15] com.zaxxer.hikari.HikariDataSource       : HikariPool-4 - Shutdown completed.
2021-12-28 14:52:47.708  INFO 13152 --- [restartedMain] c.shopme.admin.ShopmeBackendApplication  : Starting ShopmeBackendApplication using Java 17.0.1 on DESKTOP-34M0QK7 with PID 13152 (E:\ShopmeEcommerce\ShopmeProject\ShopmeWebParent\ShopmeBackend\target\classes started by 19110 in E:\ShopmeEcommerce\ShopmeProject\ShopmeWebParent\ShopmeBackend)
2021-12-28 14:52:47.709  INFO 13152 --- [restartedMain] c.shopme.admin.ShopmeBackendApplication  : No active profile set, falling back to default profiles: default
2021-12-28 14:52:47.954  INFO 13152 --- [restartedMain] .s.d.r.c.RepositoryConfigurationDelegate : Bootstrapping Spring Data JPA repositories in DEFAULT mode.
2021-12-28 14:52:47.966  INFO 13152 --- [restartedMain] .s.d.r.c.RepositoryConfigurationDelegate : Finished Spring Data repository scanning in 11 ms. Found 2 JPA repository interfaces.
2021-12-28 14:52:48.055  INFO 13152 --- [restartedMain] o.s.b.w.embedded.tomcat.TomcatWebServer  : Tomcat initialized with port(s): 8080 (http)
2021-12-28 14:52:48.056  INFO 13152 --- [restartedMain] o.apache.catalina.core.StandardService   : Starting service [Tomcat]
2021-12-28 14:52:48.057  INFO 13152 --- [restartedMain] org.apache.catalina.core.StandardEngine  : Starting Servlet engine: [Apache Tomcat/9.0.56]
2021-12-28 14:52:48.080  INFO 13152 --- [restartedMain] o.a.c.c.C.[.[localhost].[/ShopmeAdmin]   : Initializing Spring embedded WebApplicationContext
2021-12-28 14:52:48.080  INFO 13152 --- [restartedMain] w.s.c.ServletWebServerApplicationContext : Root WebApplicationContext: initialization completed in 363 ms
2021-12-28 14:52:48.117  INFO 13152 --- [restartedMain] o.hibernate.jpa.internal.util.LogHelper  : HHH000204: Processing PersistenceUnitInfo [name: default]
2021-12-28 14:52:48.123  INFO 13152 --- [restartedMain] com.zaxxer.hikari.HikariDataSource       : HikariPool-5 - Starting...
2021-12-28 14:52:48.149  INFO 13152 --- [restartedMain] com.zaxxer.hikari.HikariDataSource       : HikariPool-5 - Start completed.
2021-12-28 14:52:48.150  INFO 13152 --- [restartedMain] org.hibernate.dialect.Dialect            : HHH000400: Using dialect: org.hibernate.dialect.MySQL8Dialect
2021-12-28 14:52:48.223  INFO 13152 --- [restartedMain] o.h.e.t.j.p.i.JtaPlatformInitiator       : HHH000490: Using JtaPlatform implementation: [org.hibernate.engine.transaction.jta.platform.internal.NoJtaPlatform]
2021-12-28 14:52:48.223  INFO 13152 --- [restartedMain] j.LocalContainerEntityManagerFactoryBean : Initialized JPA EntityManagerFactory for persistence unit 'default'
2021-12-28 14:52:48.240  WARN 13152 --- [restartedMain] JpaBaseConfiguration$JpaWebConfiguration : spring.jpa.open-in-view is enabled by default. Therefore, database queries may be performed during view rendering. Explicitly configure spring.jpa.open-in-view to disable this warning
2021-12-28 14:52:48.318  INFO 13152 --- [restartedMain] o.s.s.web.DefaultSecurityFilterChain     : Will secure Ant [pattern='/images/**'] with []
2021-12-28 14:52:48.318  INFO 13152 --- [restartedMain] o.s.s.web.DefaultSecurityFilterChain     : Will secure Ant [pattern='/js/**'] with []
2021-12-28 14:52:48.318  INFO 13152 --- [restartedMain] o.s.s.web.DefaultSecurityFilterChain     : Will secure Ant [pattern='/webjars/**'] with []
2021-12-28 14:52:48.324  INFO 13152 --- [restartedMain] o.s.s.web.DefaultSecurityFilterChain     : Will secure any request with [org.springframework.security.web.context.request.async.WebAsyncManagerIntegrationFilter@159db269, org.springframework.security.web.context.SecurityContextPersistenceFilter@7953cd0a, org.springframework.security.web.header.HeaderWriterFilter@6f402564, org.springframework.security.web.csrf.CsrfFilter@4021af27, org.springframework.security.web.authentication.logout.LogoutFilter@73e4444c, org.springframework.security.web.authentication.UsernamePasswordAuthenticationFilter@6b772079, org.springframework.security.web.savedrequest.RequestCacheAwareFilter@7edef0db, org.springframework.security.web.servletapi.SecurityContextHolderAwareRequestFilter@10db9161, org.springframework.security.web.authentication.rememberme.RememberMeAuthenticationFilter@4b21fa7e, org.springframework.security.web.authentication.AnonymousAuthenticationFilter@2786679c, org.springframework.security.web.session.SessionManagementFilter@34c61422, org.springframework.security.web.access.ExceptionTranslationFilter@4288a043, org.springframework.security.web.access.intercept.FilterSecurityInterceptor@575caea8]
2021-12-28 14:52:48.370  INFO 13152 --- [restartedMain] o.s.b.a.w.s.WelcomePageHandlerMapping    : Adding welcome page template: index
2021-12-28 14:52:48.657  INFO 13152 --- [restartedMain] o.s.b.d.a.OptionalLiveReloadServer       : LiveReload server is running on port 35729
2021-12-28 14:52:48.667  INFO 13152 --- [restartedMain] o.s.b.w.embedded.tomcat.TomcatWebServer  : Tomcat started on port(s): 8080 (http) with context path '/ShopmeAdmin'
2021-12-28 14:52:48.671  INFO 13152 --- [restartedMain] c.shopme.admin.ShopmeBackendApplication  : Started ShopmeBackendApplication in 1.016 seconds (JVM running for 399.868)
2021-12-28 14:52:48.676  INFO 13152 --- [restartedMain] .ConditionEvaluationDeltaLoggingListener : Condition evaluation unchanged
